<?xml version="1.0" encoding="UTF-8"?>
<!-- Generated by org.testng.reporters.JUnitReportReporter -->
<testsuite skipped="0" hostname="Naveen-Mac.local" name="com.qa.hubspot.tests.LoginPageTest" tests="3" failures="0" timestamp="26 May 2020 03:15:17 GMT" time="6.173" errors="0">
  <testcase name="verifySignUpLinkTest" time="4.648" classname="com.qa.hubspot.tests.LoginPageTest"/>
  <testcase name="verifyLoginPageTitleTest" time="0.026" classname="com.qa.hubspot.tests.LoginPageTest"/>
  <testcase name="loginTest" time="1.499" classname="com.qa.hubspot.tests.LoginPageTest"/>
</testsuite> <!-- com.qa.hubspot.tests.LoginPageTest -->
