<?xml version="1.0" encoding="UTF-8"?>
<!-- Generated by org.testng.reporters.JUnitReportReporter -->
<testsuite skipped="0" hostname="Naveen-Mac.local" name="com.qa.hubspot.tests.MyHomeTest" tests="3" failures="0" timestamp="26 May 2020 09:12:49 GMT" time="15.637" errors="0">
  <testcase name="verifyHomePageHeader" time="10.949" classname="com.qa.hubspot.tests.MyHomeTest"/>
  <testcase name="verifyLoggedInUserTest" time="4.566" classname="com.qa.hubspot.tests.MyHomeTest"/>
  <testcase name="verifyHomePageTitle" time="0.122" classname="com.qa.hubspot.tests.MyHomeTest"/>
</testsuite> <!-- com.qa.hubspot.tests.MyHomeTest -->
