<?xml version="1.0" encoding="UTF-8"?>
<!-- Generated by org.testng.reporters.JUnitReportReporter -->
<testsuite skipped="0" hostname="Naveen-Mac.local" name="com.qa.hubspot.tests.HomePageTest" tests="3" failures="0" timestamp="26 May 2020 03:15:22 GMT" time="4.522" errors="0">
  <testcase name="verifyHomePageHeader" time="4.450" classname="com.qa.hubspot.tests.HomePageTest"/>
  <testcase name="verifyLoggedInUserTest" time="0.062" classname="com.qa.hubspot.tests.HomePageTest"/>
  <testcase name="verifyHomePageTitle" time="0.010" classname="com.qa.hubspot.tests.HomePageTest"/>
</testsuite> <!-- com.qa.hubspot.tests.HomePageTest -->
